  Banana.cpp
C:\Users\rossk\CIS380\CIS3802DGame\LeagueWindows\LeagueWindows\Banana.cpp(43,24): warning C4244: '=': conversion from 'double' to 'int', possible loss of data
C:\Users\rossk\CIS380\CIS3802DGame\LeagueWindows\LeagueWindows\Banana.cpp(44,24): warning C4244: '=': conversion from 'double' to 'int', possible loss of data
  Engine.cpp
C:\Users\rossk\CIS380\CIS3802DGame\LeagueWindows\LeagueWindows\Engine.cpp(59,24): warning C4244: 'argument': conversion from 'double' to 'Uint32', possible loss of data
  HUD.cpp
C:\Users\rossk\CIS380\CIS3802DGame\LeagueWindows\LeagueWindows\HUD.cpp(36,18): warning C4244: '+=': conversion from 'double' to 'int', possible loss of data
C:\Users\rossk\CIS380\CIS3802DGame\LeagueWindows\LeagueWindows\HUD.cpp(49,24): warning C4244: '=': conversion from 'double' to 'int', possible loss of data
C:\Users\rossk\CIS380\CIS3802DGame\LeagueWindows\LeagueWindows\HUD.cpp(50,24): warning C4244: '=': conversion from 'double' to 'int', possible loss of data
  Interfaces.cpp
  main.cpp
  Projectile.cpp
C:\Users\rossk\CIS380\CIS3802DGame\LeagueWindows\LeagueWindows\Projectile.hpp(4,10): fatal error C1083: Cannot open include file: 'SDL2/SDL.h': No such file or directory
  Scene.cpp
  Sprite.cpp
C:\Users\rossk\CIS380\CIS3802DGame\LeagueWindows\LeagueWindows\Sprite.hpp(4,10): fatal error C1083: Cannot open include file: 'SDL2/SDL.h': No such file or directory
  Utility.cpp
  Wizard.cpp
C:\Users\rossk\CIS380\CIS3802DGame\LeagueWindows\LeagueWindows\Wizard.hpp(4,10): fatal error C1083: Cannot open include file: 'SDL2/SDL.h': No such file or directory
  Zombie.cpp
C:\Users\rossk\CIS380\CIS3802DGame\LeagueWindows\LeagueWindows\Zombie.hpp(4,10): fatal error C1083: Cannot open include file: 'SDL2/SDL.h': No such file or directory
  Generating Code...
