c:\users\rossk\cis380\cis3802dgame\leaguewindows\leaguewindows\x64\debug\vc142.pdb
c:\users\rossk\cis380\cis3802dgame\leaguewindows\leaguewindows\x64\debug\vc142.idb
c:\users\rossk\cis380\cis3802dgame\leaguewindows\leaguewindows\x64\debug\zombie.obj
c:\users\rossk\cis380\cis3802dgame\leaguewindows\leaguewindows\x64\debug\wizard.obj
c:\users\rossk\cis380\cis3802dgame\leaguewindows\leaguewindows\x64\debug\utility.obj
c:\users\rossk\cis380\cis3802dgame\leaguewindows\leaguewindows\x64\debug\sprite.obj
c:\users\rossk\cis380\cis3802dgame\leaguewindows\leaguewindows\x64\debug\spawner.obj
c:\users\rossk\cis380\cis3802dgame\leaguewindows\leaguewindows\x64\debug\main.obj
c:\users\rossk\cis380\cis3802dgame\leaguewindows\leaguewindows\x64\debug\interfaces.obj
c:\users\rossk\cis380\cis3802dgame\leaguewindows\leaguewindows\x64\debug\hud.obj
c:\users\rossk\cis380\cis3802dgame\leaguewindows\leaguewindows\x64\debug\gamestatus.obj
c:\users\rossk\cis380\cis3802dgame\leaguewindows\leaguewindows\x64\debug\fireball.obj
c:\users\rossk\cis380\cis3802dgame\leaguewindows\leaguewindows\x64\debug\engine.obj
c:\users\rossk\cis380\cis3802dgame\leaguewindows\leaguewindows\x64\debug\banana.obj
c:\users\rossk\cis380\cis3802dgame\leaguewindows\leaguewindows\x64\debug\scene.obj
c:\users\rossk\cis380\cis3802dgame\leaguewindows\x64\debug\leaguewindows.exe
c:\users\rossk\cis380\cis3802dgame\leaguewindows\x64\debug\leaguewindows.ilk
c:\users\rossk\cis380\cis3802dgame\leaguewindows\x64\debug\leaguewindows.pdb
c:\users\rossk\cis380\cis3802dgame\leaguewindows\leaguewindows\x64\debug\leaguewindows.tlog\cl.command.1.tlog
c:\users\rossk\cis380\cis3802dgame\leaguewindows\leaguewindows\x64\debug\leaguewindows.tlog\cl.read.1.tlog
c:\users\rossk\cis380\cis3802dgame\leaguewindows\leaguewindows\x64\debug\leaguewindows.tlog\cl.write.1.tlog
c:\users\rossk\cis380\cis3802dgame\leaguewindows\leaguewindows\x64\debug\leaguewindows.tlog\link.command.1.tlog
c:\users\rossk\cis380\cis3802dgame\leaguewindows\leaguewindows\x64\debug\leaguewindows.tlog\link.read.1.tlog
c:\users\rossk\cis380\cis3802dgame\leaguewindows\leaguewindows\x64\debug\leaguewindows.tlog\link.write.1.tlog
